<?xml version="1.0" encoding="UTF-8"?>
<!-- Generated by org.testng.reporters.JUnitXMLReporter -->
<testsuite hostname="DESKTOP-VII0J20" ignored="0" name="Default test" tests="5" failures="0" timestamp="2021-09-05T18:25:50 BDT" time="29.722" errors="0">
  <testcase name="ConfigureCabinDevicePageTest" time="6.312" classname="com.FalconTalk.CabinModeConfiguration.ConfigureCabinDevice"/>
  <testcase name="TostMessageTest" time="0.652" classname="com.FalconTalk.CabinModeConfiguration.ConfigureCabinDevice"/>
  <testcase name="CabinAccountAndExtensionSelectionPageTest" time="1.398" classname="com.FalconTalk.CabinModeConfiguration.ConfigureCabinDevice"/>
  <testcase name="AllCabinAccountIsFreeTest" time="0.45" classname="com.FalconTalk.CabinModeConfiguration.ConfigureCabinDevice"/>
  <testcase name="CabinAccountandExtensionRangeTest" time="5.491" classname="com.FalconTalk.CabinModeConfiguration.ConfigureCabinDevice"/>
</testsuite> <!-- Default test -->
