<?xml version="1.0" encoding="UTF-8"?>
<testng-results skipped="0" failed="0" ignored="0" total="5" passed="5">
  <reporter-output>
  </reporter-output>
  <suite name="Default suite" duration-ms="29722" started-at="2021-09-05T18:25:21 BDT" finished-at="2021-09-05T18:25:50 BDT">
    <groups>
    </groups>
    <test name="Default test" duration-ms="29722" started-at="2021-09-05T18:25:21 BDT" finished-at="2021-09-05T18:25:50 BDT">
      <class name="com.FalconTalk.CabinModeConfiguration.ConfigureCabinDevice">
        <test-method status="PASS" signature="setup()[pri:0, instance:com.FalconTalk.CabinModeConfiguration.ConfigureCabinDevice@1877ab81]" name="setup" is-config="true" duration-ms="14890" started-at="2021-09-05T18:25:21 BDT" finished-at="2021-09-05T18:25:35 BDT">
          <reporter-output>
          </reporter-output>
        </test-method> <!-- setup -->
        <test-method status="PASS" signature="ConfigureCabinDevicePageTest()[pri:0, instance:com.FalconTalk.CabinModeConfiguration.ConfigureCabinDevice@1877ab81]" name="ConfigureCabinDevicePageTest" duration-ms="6312" started-at="2021-09-05T18:25:35 BDT" finished-at="2021-09-05T18:25:42 BDT">
          <reporter-output>
          </reporter-output>
        </test-method> <!-- ConfigureCabinDevicePageTest -->
        <test-method status="PASS" signature="TostMessageTest()[pri:1, instance:com.FalconTalk.CabinModeConfiguration.ConfigureCabinDevice@1877ab81]" name="TostMessageTest" duration-ms="652" started-at="2021-09-05T18:25:42 BDT" finished-at="2021-09-05T18:25:42 BDT">
          <reporter-output>
          </reporter-output>
        </test-method> <!-- TostMessageTest -->
        <test-method status="PASS" signature="CabinAccountAndExtensionSelectionPageTest()[pri:2, instance:com.FalconTalk.CabinModeConfiguration.ConfigureCabinDevice@1877ab81]" name="CabinAccountAndExtensionSelectionPageTest" duration-ms="1398" started-at="2021-09-05T18:25:42 BDT" finished-at="2021-09-05T18:25:44 BDT">
          <reporter-output>
          </reporter-output>
        </test-method> <!-- CabinAccountAndExtensionSelectionPageTest -->
        <test-method status="PASS" signature="AllCabinAccountIsFreeTest()[pri:3, instance:com.FalconTalk.CabinModeConfiguration.ConfigureCabinDevice@1877ab81]" name="AllCabinAccountIsFreeTest" duration-ms="450" started-at="2021-09-05T18:25:44 BDT" finished-at="2021-09-05T18:25:44 BDT">
          <reporter-output>
          </reporter-output>
        </test-method> <!-- AllCabinAccountIsFreeTest -->
        <test-method status="PASS" signature="CabinAccountandExtensionRangeTest()[pri:4, instance:com.FalconTalk.CabinModeConfiguration.ConfigureCabinDevice@1877ab81]" name="CabinAccountandExtensionRangeTest" duration-ms="5491" started-at="2021-09-05T18:25:44 BDT" finished-at="2021-09-05T18:25:50 BDT">
          <reporter-output>
          </reporter-output>
        </test-method> <!-- CabinAccountandExtensionRangeTest -->
        <test-method status="PASS" signature="tearDown()[pri:0, instance:com.FalconTalk.CabinModeConfiguration.ConfigureCabinDevice@1877ab81]" name="tearDown" is-config="true" duration-ms="498" started-at="2021-09-05T18:25:50 BDT" finished-at="2021-09-05T18:25:50 BDT">
          <reporter-output>
          </reporter-output>
        </test-method> <!-- tearDown -->
      </class> <!-- com.FalconTalk.CabinModeConfiguration.ConfigureCabinDevice -->
    </test> <!-- Default test -->
  </suite> <!-- Default suite -->
</testng-results>
